  main.cpp
C:\Users\natma\source\repos\MassSpringSystem\MassSpringSystem\vendor\eigen\Eigen\src\Core\Matrix.h(48,40): warning C5054: operator '&': deprecated between enumerations of different types
C:\Users\natma\source\repos\MassSpringSystem\MassSpringSystem\vendor\eigen\Eigen\src\Core\Array.h(20): message : see reference to class template instantiation 'Eigen::internal::traits<Eigen::Matrix<Scalar_,1,-1,1,1,-1>>' being compiled
          with
          [
              Scalar_=Eigen::Index
          ]
C:\Users\natma\source\repos\MassSpringSystem\MassSpringSystem\vendor\eigen\Eigen\src\Core\PlainObjectBase.h(100): message : see reference to class template instantiation 'Eigen::internal::traits<Derived>' being compiled
          with
          [
              Derived=Eigen::Array<Eigen::Index,1,-1,1,1,-1>
          ]
C:\Users\natma\source\repos\MassSpringSystem\MassSpringSystem\vendor\eigen\Eigen\src\Core\Array.h(49): message : see reference to class template instantiation 'Eigen::PlainObjectBase<Eigen::Array<Eigen::Index,1,-1,1,1,-1>>' being compiled
C:\Users\natma\source\repos\MassSpringSystem\MassSpringSystem\vendor\eigen\Eigen\src\Core\util\ForwardDeclarations.h(121): message : see reference to class template instantiation 'Eigen::Array<Eigen::Index,1,-1,1,1,-1>' being compiled
C:\Users\natma\source\repos\MassSpringSystem\MassSpringSystem\vendor\eigen\Eigen\src\SVD\BDCSVD.h(219): message : see reference to class template instantiation 'Eigen::BDCSVD<MatrixType_>' being compiled
C:\Users\natma\source\repos\MassSpringSystem\MassSpringSystem\vendor\glm\glm\detail\type_quat.hpp(48,1): warning C4201: nonstandard extension used: nameless struct/union
C:\Users\natma\source\repos\MassSpringSystem\MassSpringSystem\vendor\glm\glm\detail\type_quat.hpp(138): message : see reference to class template instantiation 'glm::qua<T,Q>' being compiled
C:\Users\natma\source\repos\MassSpringSystem\MassSpringSystem\src\Graphics\shader.h(66,34): warning C4101: 'e': unreferenced local variable
C:\Users\natma\source\repos\MassSpringSystem\MassSpringSystem\src\Graphics\shapes.h(33,1): warning C4305: 'argument': truncation from 'double' to 'float'
C:\Users\natma\source\repos\MassSpringSystem\MassSpringSystem\src\Core\Instrumentor.h(126,1): warning C4267: '=': conversion from 'size_t' to 'uint32_t', possible loss of data
C:\Users\natma\source\repos\MassSpringSystem\MassSpringSystem\src\Core\system.h(114,38): warning C4244: 'initializing': conversion from 'double' to 'int', possible loss of data
C:\Users\natma\source\repos\MassSpringSystem\MassSpringSystem\src\Graphics\window.h(22,38): warning C4244: 'initializing': conversion from 'double' to 'float', possible loss of data
C:\Users\natma\source\repos\MassSpringSystem\MassSpringSystem\src\Graphics\window.h(23,39): warning C4244: 'initializing': conversion from 'double' to 'float', possible loss of data
C:\Users\natma\source\repos\MassSpringSystem\MassSpringSystem\src\Graphics\window.h(36,52): warning C4100: 'window': unreferenced formal parameter
C:\Users\natma\source\repos\MassSpringSystem\MassSpringSystem\src\Graphics\window.h(49,26): warning C4244: '=': conversion from 'double' to 'float', possible loss of data
C:\Users\natma\source\repos\MassSpringSystem\MassSpringSystem\src\Graphics\window.h(50,26): warning C4244: '=': conversion from 'double' to 'float', possible loss of data
C:\Users\natma\source\repos\MassSpringSystem\MassSpringSystem\src\Graphics\window.h(54,27): warning C4244: 'initializing': conversion from 'double' to 'float', possible loss of data
C:\Users\natma\source\repos\MassSpringSystem\MassSpringSystem\src\Graphics\window.h(55,27): warning C4244: 'initializing': conversion from 'double' to 'float', possible loss of data
C:\Users\natma\source\repos\MassSpringSystem\MassSpringSystem\src\Graphics\window.h(57,22): warning C4244: '=': conversion from 'double' to 'float', possible loss of data
C:\Users\natma\source\repos\MassSpringSystem\MassSpringSystem\src\Graphics\window.h(58,22): warning C4244: '=': conversion from 'double' to 'float', possible loss of data
C:\Users\natma\source\repos\MassSpringSystem\MassSpringSystem\src\Graphics\window.h(45,41): warning C4100: 'window': unreferenced formal parameter
C:\Users\natma\source\repos\MassSpringSystem\MassSpringSystem\src\Graphics\window.h(67,40): warning C4244: 'argument': conversion from 'double' to 'float', possible loss of data
C:\Users\natma\source\repos\MassSpringSystem\MassSpringSystem\src\Graphics\window.h(65,57): warning C4100: 'xoffset': unreferenced formal parameter
C:\Users\natma\source\repos\MassSpringSystem\MassSpringSystem\src\Graphics\window.h(65,42): warning C4100: 'window': unreferenced formal parameter
C:\Users\natma\source\repos\MassSpringSystem\MassSpringSystem\src\Core\filereader.h(28,1): warning C4267: 'initializing': conversion from 'size_t' to 'unsigned long', possible loss of data
C:\Users\natma\source\repos\MassSpringSystem\MassSpringSystem\src\Core\filereader.h(72,1): warning C4245: 'return': conversion from 'int' to 'size_t', signed/unsigned mismatch
C:\Program Files (x86)\Windows Kits\10\Include\10.0.18362.0\shared\minwindef.h(130,1): warning C4005: 'APIENTRY': macro redefinition
C:\Users\natma\source\repos\MassSpringSystem\MassSpringSystem\vendor\glad\glad.h(32): message : see previous definition of 'APIENTRY'
C:\Users\natma\source\repos\MassSpringSystem\MassSpringSystem\src\Graphics\gnuplot-iostream.h(1671,70): warning C4458: declaration of 'in' hides class member
C:\Program Files (x86)\Microsoft Visual Studio\2019\Community\VC\Tools\MSVC\14.28.29333\include\xiosbase(69,32): message : see declaration of 'std::_Iosb<int>::in'
C:\Users\natma\source\repos\MassSpringSystem\MassSpringSystem\src\Core\main.cpp(45,27): warning C4100: 'argv': unreferenced formal parameter
C:\Users\natma\source\repos\MassSpringSystem\MassSpringSystem\src\Core\main.cpp(45,14): warning C4100: 'argc': unreferenced formal parameter
C:\Users\natma\source\repos\MassSpringSystem\MassSpringSystem\src\Core\main.cpp(105,49): warning C4244: '=': conversion from 'double' to 'unsigned int', possible loss of data
C:\Users\natma\source\repos\MassSpringSystem\MassSpringSystem\src\Core\main.cpp(106,49): warning C4244: '=': conversion from 'double' to 'unsigned int', possible loss of data
C:\Users\natma\source\repos\MassSpringSystem\MassSpringSystem\src\Core\main.cpp(107,47): warning C4244: '=': conversion from 'double' to 'unsigned int', possible loss of data
C:\Users\natma\source\repos\MassSpringSystem\MassSpringSystem\src\Core\main.cpp(114,49): warning C4244: '=': conversion from 'Eigen::Index' to 'int', possible loss of data
C:\Users\natma\source\repos\MassSpringSystem\MassSpringSystem\src\Core\main.cpp(115,61): warning C4244: '=': conversion from 'double' to 'int', possible loss of data
C:\Users\natma\source\repos\MassSpringSystem\MassSpringSystem\src\Core\main.cpp(116,59): warning C4244: '=': conversion from 'double' to 'int', possible loss of data
C:\Users\natma\source\repos\MassSpringSystem\MassSpringSystem\src\Core\main.cpp(403,49): warning C4244: '=': conversion from 'double' to 'unsigned int', possible loss of data
C:\Users\natma\source\repos\MassSpringSystem\MassSpringSystem\src\Core\main.cpp(404,49): warning C4244: '=': conversion from 'double' to 'unsigned int', possible loss of data
C:\Users\natma\source\repos\MassSpringSystem\MassSpringSystem\src\Core\main.cpp(405,47): warning C4244: '=': conversion from 'double' to 'unsigned int', possible loss of data
C:\Users\natma\source\repos\MassSpringSystem\MassSpringSystem\src\Core\main.cpp(412,49): warning C4244: '=': conversion from 'Eigen::Index' to 'int', possible loss of data
C:\Users\natma\source\repos\MassSpringSystem\MassSpringSystem\src\Core\main.cpp(413,61): warning C4244: '=': conversion from 'double' to 'int', possible loss of data
C:\Users\natma\source\repos\MassSpringSystem\MassSpringSystem\src\Core\main.cpp(414,59): warning C4244: '=': conversion from 'double' to 'int', possible loss of data
C:\Users\natma\source\repos\MassSpringSystem\MassSpringSystem\src\Graphics\gnuplot-iostream.h(1313,1): warning C4127: conditional expression is constant
C:\Users\natma\source\repos\MassSpringSystem\MassSpringSystem\src\Graphics\gnuplot-iostream.h(1313,1): message : consider using 'if constexpr' statement instead
C:\Users\natma\source\repos\MassSpringSystem\MassSpringSystem\src\Graphics\gnuplot-iostream.h(1388): message : see reference to function template instantiation 'void gnuplotio::print_block<1,gnuplotio::IteratorRange<std::_Vector_const_iterator<std::_Vector_val<std::_Simple_types<_Ty>>>,double>,PrintMode>(std::ostream &,T &,PrintMode)' being compiled
          with
          [
              _Ty=double,
              PrintMode=gnuplotio::ModeText,
              T=gnuplotio::IteratorRange<std::_Vector_const_iterator<std::_Vector_val<std::_Simple_types<double>>>,double>
          ]
C:\Users\natma\source\repos\MassSpringSystem\MassSpringSystem\src\Graphics\gnuplot-iostream.h(1409): message : see reference to function template instantiation 'void gnuplotio::handle_colunwrap_tag<1,T,PrintMode>(std::ostream &,const T &,gnuplotio::ColUnwrapNo,PrintMode)' being compiled
          with
          [
              T=std::vector<double,std::allocator<double>>,
              PrintMode=gnuplotio::ModeText
          ]
C:\Users\natma\source\repos\MassSpringSystem\MassSpringSystem\src\Graphics\gnuplot-iostream.h(1429): message : see reference to function template instantiation 'void gnuplotio::handle_organization_tag<T,PrintMode>(std::ostream &,const T &,gnuplotio::Mode1D,PrintMode)' being compiled
          with
          [
              T=std::vector<double,std::allocator<double>>,
              PrintMode=gnuplotio::ModeText
          ]
C:\Users\natma\source\repos\MassSpringSystem\MassSpringSystem\src\Graphics\gnuplot-iostream.h(1442): message : see reference to function template instantiation 'void gnuplotio::handle_organization_tag<T,PrintMode>(std::ostream &,const T &,gnuplotio::ModeAuto,PrintMode)' being compiled
          with
          [
              T=std::vector<double,std::allocator<double>>,
              PrintMode=gnuplotio::ModeText
          ]
C:\Users\natma\source\repos\MassSpringSystem\MassSpringSystem\src\Graphics\gnuplot-iostream.h(1783): message : see reference to function template instantiation 'void gnuplotio::top_level_array_sender<T,OrganizationMode,gnuplotio::ModeText>(std::ostream &,const T &,OrganizationMode,PrintMode)' being compiled
          with
          [
              T=std::vector<double,std::allocator<double>>,
              OrganizationMode=gnuplotio::ModeAuto,
              PrintMode=gnuplotio::ModeText
          ]
C:\Users\natma\source\repos\MassSpringSystem\MassSpringSystem\src\Graphics\gnuplot-iostream.h(1852): message : see reference to function template instantiation 'gnuplotio::Gnuplot &gnuplotio::Gnuplot::send<T,gnuplotio::ModeAuto>(const T &,OrganizationMode)' being compiled
          with
          [
              T=std::vector<double,std::allocator<double>>,
              OrganizationMode=gnuplotio::ModeAuto
          ]
C:\Users\natma\source\repos\MassSpringSystem\MassSpringSystem\src\Core\main.cpp(301): message : see reference to function template instantiation 'gnuplotio::Gnuplot &gnuplotio::Gnuplot::send<std::vector<double,std::allocator<double>>>(const T &)' being compiled
          with
          [
              T=std::vector<double,std::allocator<double>>
          ]
  Generating code
  47 of 8469 functions ( 0.6%) were compiled, the rest were copied from previous compilation.
    34 functions were new in current compilation
    195 functions had inline decision re-evaluated but remain unchanged
  Finished generating code
  MassSpringSystem.vcxproj -> C:\Users\natma\source\repos\MassSpringSystem\bin\Release-x64\MassSpringSystem.exe
